<?xml version="1.0" encoding="utf-8"?><testsuites><testsuite name="pytest" errors="0" failures="0" skipped="0" tests="3" time="29.069" timestamp="2023-01-22T13:21:34.217245" hostname="Ruthels-MacBook-Pro.local"><testcase classname="test_HomePage.TestHomePage" name="test_formSubmission[getData0]" time="10.930" /><testcase classname="test_HomePage.TestHomePage" name="test_formSubmission[getData1]" time="0.829" /><testcase classname="test_e2e.TestOne" name="test_e2e" time="17.285" /></testsuite></testsuites>